<?xml version="1.0" encoding="UTF-8"?>
<!-- Generated by org.testng.reporters.JUnitReportReporter -->
<testsuite hostname="FPE-LAP-254" failures="0" tests="2" name="corporateTiepupModuleTestScripts.AccountStatement_CorporateTestScripts" time="66.800" errors="0" timestamp="2025-04-08T15:05:51 IST" skipped="1">
  <testcase classname="corporateTiepupModuleTestScripts.AccountStatement_CorporateTestScripts" name="CorporateTransfer" time="66.800"/>
  <system-out/>
  <testcase classname="corporateTiepupModuleTestScripts.AccountStatement_CorporateTestScripts" name="TieupProgramChange_fun">
    <skipped/>
  </testcase> <!-- TieupProgramChange_fun -->
  <system-out/>
</testsuite> <!-- corporateTiepupModuleTestScripts.AccountStatement_CorporateTestScripts -->
