<?xml version="1.0" encoding="UTF-8"?>
<!-- Generated by org.testng.reporters.JUnitReportReporter -->
<testsuite hostname="FPE-LAP-254" failures="0" tests="22" name="HardwareModuleTestScripts.ManageVendorPageTestScrips" time="5.504" errors="1" timestamp="2024-08-07T13:27:31 IST" skipped="21">
  <testcase classname="HardwareModuleTestScripts.ManageVendorPageTestScrips" name="Login_openManageVendorPage" time="5.504">
    <error message="no such element: Unable to locate element: {&quot;method&quot;:&quot;xpath&quot;,&quot;selector&quot;:&quot;//*[@id=&#039;navbar-second-toggle&#039;]//ul//li[8]//div//div[1]//div//div[3]//ul//li[8]//a[text()=&#039;Manage Vendors&#039;]&quot;}
  (Session info: chrome=127.0.6533.89)
For documentation on this error, please visit: https://www.selenium.dev/documentation/webdriver/troubleshooting/errors#no-such-element-exception
Build info: version: &#039;4.22.0&#039;, revision: &#039;c5f3146703*&#039;
System info: os.name: &#039;Windows 11&#039;, os.arch: &#039;amd64&#039;, os.version: &#039;10.0&#039;, java.version: &#039;21.0.3&#039;
Driver info: org.openqa.selenium.chrome.ChromeDriver
Command: [828bb6dd2c7c0e7bbc3449652610710c, findElement {using=xpath, value=//*[@id=&#039;navbar-second-toggle&#039;]//ul//li[8]//div//div[1]//div//div[3]//ul//li[8]//a[text()=&#039;Manage Vendors&#039;]}]
Capabilities {acceptInsecureCerts: false, browserName: chrome, browserVersion: 127.0.6533.89, chrome: {chromedriverVersion: 127.0.6533.99 (f31af5097d90..., userDataDir: C:\Users\SUNITA~1\AppData\L...}, fedcm:accounts: true, goog:chromeOptions: {debuggerAddress: localhost:59368}, networkConnectionEnabled: false, pageLoadStrategy: normal, platformName: windows, proxy: Proxy(), se:cdp: ws://localhost:59368/devtoo..., se:cdpVersion: 127.0.6533.89, setWindowRect: true, strictFileInteractability: false, timeouts: {implicit: 0, pageLoad: 300000, script: 30000}, unhandledPromptBehavior: dismiss and notify, webauthn:extension:credBlob: true, webauthn:extension:largeBlob: true, webauthn:extension:minPinLength: true, webauthn:extension:prf: true, webauthn:virtualAuthenticators: true}
Session ID: 828bb6dd2c7c0e7bbc3449652610710c" type="org.openqa.selenium.NoSuchElementException">
      <![CDATA[org.openqa.selenium.NoSuchElementException: no such element: Unable to locate element: {"method":"xpath","selector":"//*[@id='navbar-second-toggle']//ul//li[8]//div//div[1]//div//div[3]//ul//li[8]//a[text()='Manage Vendors']"}
  (Session info: chrome=127.0.6533.89)
For documentation on this error, please visit: https://www.selenium.dev/documentation/webdriver/troubleshooting/errors#no-such-element-exception
Build info: version: '4.22.0', revision: 'c5f3146703*'
System info: os.name: 'Windows 11', os.arch: 'amd64', os.version: '10.0', java.version: '21.0.3'
Driver info: org.openqa.selenium.chrome.ChromeDriver
Command: [828bb6dd2c7c0e7bbc3449652610710c, findElement {using=xpath, value=//*[@id='navbar-second-toggle']//ul//li[8]//div//div[1]//div//div[3]//ul//li[8]//a[text()='Manage Vendors']}]
Capabilities {acceptInsecureCerts: false, browserName: chrome, browserVersion: 127.0.6533.89, chrome: {chromedriverVersion: 127.0.6533.99 (f31af5097d90..., userDataDir: C:\Users\SUNITA~1\AppData\L...}, fedcm:accounts: true, goog:chromeOptions: {debuggerAddress: localhost:59368}, networkConnectionEnabled: false, pageLoadStrategy: normal, platformName: windows, proxy: Proxy(), se:cdp: ws://localhost:59368/devtoo..., se:cdpVersion: 127.0.6533.89, setWindowRect: true, strictFileInteractability: false, timeouts: {implicit: 0, pageLoad: 300000, script: 30000}, unhandledPromptBehavior: dismiss and notify, webauthn:extension:credBlob: true, webauthn:extension:largeBlob: true, webauthn:extension:minPinLength: true, webauthn:extension:prf: true, webauthn:virtualAuthenticators: true}
Session ID: 828bb6dd2c7c0e7bbc3449652610710c
at java.base/jdk.internal.reflect.DirectConstructorHandleAccessor.newInstance(DirectConstructorHandleAccessor.java:62)
at java.base/java.lang.reflect.Constructor.newInstanceWithCaller(Constructor.java:502)
at java.base/java.lang.reflect.Constructor.newInstance(Constructor.java:486)
at org.openqa.selenium.remote.ErrorCodec.decode(ErrorCodec.java:167)
at org.openqa.selenium.remote.codec.w3c.W3CHttpResponseCodec.decode(W3CHttpResponseCodec.java:138)
at org.openqa.selenium.remote.codec.w3c.W3CHttpResponseCodec.decode(W3CHttpResponseCodec.java:50)
at org.openqa.selenium.remote.HttpCommandExecutor.execute(HttpCommandExecutor.java:190)
at org.openqa.selenium.remote.service.DriverCommandExecutor.invokeExecute(DriverCommandExecutor.java:216)
at org.openqa.selenium.remote.service.DriverCommandExecutor.execute(DriverCommandExecutor.java:174)
at org.openqa.selenium.remote.RemoteWebDriver.execute(RemoteWebDriver.java:518)
at org.openqa.selenium.remote.ElementLocation$ElementFinder$2.findElement(ElementLocation.java:165)
at org.openqa.selenium.remote.ElementLocation.findElement(ElementLocation.java:59)
at org.openqa.selenium.remote.RemoteWebDriver.findElement(RemoteWebDriver.java:355)
at org.openqa.selenium.remote.RemoteWebDriver.findElement(RemoteWebDriver.java:349)
at org.openqa.selenium.support.pagefactory.DefaultElementLocator.findElement(DefaultElementLocator.java:68)
at org.openqa.selenium.support.pagefactory.internal.LocatingElementHandler.invoke(LocatingElementHandler.java:38)
at jdk.proxy2/jdk.proxy2.$Proxy19.click(Unknown Source)
at HardwareModule.ManageVendorPage.OpenManageVendorPage(ManageVendorPage.java:128)
at HardwareModuleTestScripts.ManageVendorPageTestScrips.Login_openManageVendorPage(ManageVendorPageTestScrips.java:19)
at java.base/jdk.internal.reflect.DirectMethodHandleAccessor.invoke(DirectMethodHandleAccessor.java:103)
at java.base/java.lang.reflect.Method.invoke(Method.java:580)
at org.testng.internal.MethodInvocationHelper.invokeMethod(MethodInvocationHelper.java:133)
at org.testng.internal.MethodInvocationHelper.invokeMethodConsideringTimeout(MethodInvocationHelper.java:62)
at org.testng.internal.ConfigInvoker.invokeConfigurationMethod(ConfigInvoker.java:385)
at org.testng.internal.ConfigInvoker.invokeConfigurations(ConfigInvoker.java:321)
at org.testng.internal.TestInvoker.runConfigMethods(TestInvoker.java:700)
at org.testng.internal.TestInvoker.invokeMethod(TestInvoker.java:527)
at org.testng.internal.TestInvoker.invokeTestMethod(TestInvoker.java:173)
at org.testng.internal.MethodRunner.runInSequence(MethodRunner.java:46)
at org.testng.internal.TestInvoker$MethodInvocationAgent.invoke(TestInvoker.java:824)
at org.testng.internal.TestInvoker.invokeTestMethods(TestInvoker.java:146)
at org.testng.internal.TestMethodWorker.invokeTestMethods(TestMethodWorker.java:146)
at org.testng.internal.TestMethodWorker.run(TestMethodWorker.java:128)
at java.base/java.util.ArrayList.forEach(ArrayList.java:1596)
at org.testng.TestRunner.privateRun(TestRunner.java:794)
at org.testng.TestRunner.run(TestRunner.java:596)
at org.testng.SuiteRunner.runTest(SuiteRunner.java:377)
at org.testng.SuiteRunner.runSequentially(SuiteRunner.java:371)
at org.testng.SuiteRunner.privateRun(SuiteRunner.java:332)
at org.testng.SuiteRunner.run(SuiteRunner.java:276)
at org.testng.SuiteRunnerWorker.runSuite(SuiteRunnerWorker.java:53)
at org.testng.SuiteRunnerWorker.run(SuiteRunnerWorker.java:96)
at org.testng.TestNG.runSuitesSequentially(TestNG.java:1212)
at org.testng.TestNG.runSuitesLocally(TestNG.java:1134)
at org.testng.TestNG.runSuites(TestNG.java:1063)
at org.testng.TestNG.run(TestNG.java:1031)
at org.testng.remote.AbstractRemoteTestNG.run(AbstractRemoteTestNG.java:115)
at org.testng.remote.RemoteTestNG.initAndRun(RemoteTestNG.java:293)
at org.testng.remote.RemoteTestNG.main(RemoteTestNG.java:91)
]]>
    </error>
  </testcase> <!-- Login_openManageVendorPage -->
  <system-out/>
  <testcase classname="HardwareModuleTestScripts.ManageVendorPageTestScrips" name="AddVendor_EmailFormat_SC_001_TC_009" time="0.000">
    <skipped/>
  </testcase> <!-- AddVendor_EmailFormat_SC_001_TC_009 -->
  <system-out/>
  <testcase classname="HardwareModuleTestScripts.ManageVendorPageTestScrips" name="AddVendor_EmailDuplicacy_SC_001_TC_009" time="0.000">
    <skipped/>
  </testcase> <!-- AddVendor_EmailDuplicacy_SC_001_TC_009 -->
  <system-out/>
  <testcase classname="HardwareModuleTestScripts.ManageVendorPageTestScrips" name="AddVendor_PANValidation_SC_001_TC_009" time="0.000">
    <skipped/>
  </testcase> <!-- AddVendor_PANValidation_SC_001_TC_009 -->
  <system-out/>
  <testcase classname="HardwareModuleTestScripts.ManageVendorPageTestScrips" name="EditVendor_SC_001_TC_010" time="0.000">
    <skipped/>
  </testcase> <!-- EditVendor_SC_001_TC_010 -->
  <system-out/>
  <testcase classname="HardwareModuleTestScripts.ManageVendorPageTestScrips" name="EditVendorMandatoryFields_SC_001_TC_010" time="0.000">
    <skipped/>
  </testcase> <!-- EditVendorMandatoryFields_SC_001_TC_010 -->
  <system-out/>
  <testcase classname="HardwareModuleTestScripts.ManageVendorPageTestScrips" name="EditVendorMobileFormat_SC_001_TC_010" time="0.000">
    <skipped/>
  </testcase> <!-- EditVendorMobileFormat_SC_001_TC_010 -->
  <system-out/>
  <testcase classname="HardwareModuleTestScripts.ManageVendorPageTestScrips" name="EditVendorMobileDuplicacy_SC_001_TC_010" time="0.000">
    <skipped/>
  </testcase> <!-- EditVendorMobileDuplicacy_SC_001_TC_010 -->
  <system-out/>
  <testcase classname="HardwareModuleTestScripts.ManageVendorPageTestScrips" name="EditVendorEmailFormat_SC_001_TC_010" time="0.000">
    <skipped/>
  </testcase> <!-- EditVendorEmailFormat_SC_001_TC_010 -->
  <system-out/>
  <testcase classname="HardwareModuleTestScripts.ManageVendorPageTestScrips" name="EditVendorEmailDuplicacy_SC_001_TC_010" time="0.000">
    <skipped/>
  </testcase> <!-- EditVendorEmailDuplicacy_SC_001_TC_010 -->
  <system-out/>
  <testcase classname="HardwareModuleTestScripts.ManageVendorPageTestScrips" name="EditVendorPAN_SC_001_TC_010" time="0.000">
    <skipped/>
  </testcase> <!-- EditVendorPAN_SC_001_TC_010 -->
  <system-out/>
  <testcase classname="HardwareModuleTestScripts.ManageVendorPageTestScrips" name="DownloadFileFunctionality_SC_001_TC_003">
    <skipped/>
  </testcase> <!-- DownloadFileFunctionality_SC_001_TC_003 -->
  <system-out/>
  <testcase classname="HardwareModuleTestScripts.ManageVendorPageTestScrips" name="AddVendor_MobileDuplicacy_SC_001_TC_009">
    <skipped/>
  </testcase> <!-- AddVendor_MobileDuplicacy_SC_001_TC_009 -->
  <system-out/>
  <testcase classname="HardwareModuleTestScripts.ManageVendorPageTestScrips" name="Pagination_SC_001_TC_004">
    <skipped/>
  </testcase> <!-- Pagination_SC_001_TC_004 -->
  <system-out/>
  <testcase classname="HardwareModuleTestScripts.ManageVendorPageTestScrips" name="AddVendor_MobilePhoneformatValidations_SC_001_TC_009">
    <skipped/>
  </testcase> <!-- AddVendor_MobilePhoneformatValidations_SC_001_TC_009 -->
  <system-out/>
  <testcase classname="HardwareModuleTestScripts.ManageVendorPageTestScrips" name="DisplayTableData_SC_001_TC_001">
    <skipped/>
  </testcase> <!-- DisplayTableData_SC_001_TC_001 -->
  <system-out/>
  <testcase classname="HardwareModuleTestScripts.ManageVendorPageTestScrips" name="AddVendor_SC_001_TC_008">
    <skipped/>
  </testcase> <!-- AddVendor_SC_001_TC_008 -->
  <system-out/>
  <testcase classname="HardwareModuleTestScripts.ManageVendorPageTestScrips" name="AddVendor_MandatoryValidations_SC_001_TC_009">
    <skipped/>
  </testcase> <!-- AddVendor_MandatoryValidations_SC_001_TC_009 -->
  <system-out/>
  <testcase classname="HardwareModuleTestScripts.ManageVendorPageTestScrips" name="Action_Inactive_SC_001_TC_006">
    <skipped/>
  </testcase> <!-- Action_Inactive_SC_001_TC_006 -->
  <system-out/>
  <testcase classname="HardwareModuleTestScripts.ManageVendorPageTestScrips" name="SearchFunctionality_SC_001_TC_002">
    <skipped/>
  </testcase> <!-- SearchFunctionality_SC_001_TC_002 -->
  <system-out/>
  <testcase classname="HardwareModuleTestScripts.ManageVendorPageTestScrips" name="Action_Active_SC_001_TC_006">
    <skipped/>
  </testcase> <!-- Action_Active_SC_001_TC_006 -->
  <system-out/>
  <testcase classname="HardwareModuleTestScripts.ManageVendorPageTestScrips" name="Soritng_SC_001_TC_005">
    <skipped/>
  </testcase> <!-- Soritng_SC_001_TC_005 -->
  <system-out/>
</testsuite> <!-- HardwareModuleTestScripts.ManageVendorPageTestScrips -->
