<?xml version="1.0" encoding="UTF-8"?>
<!-- Generated by org.testng.reporters.JUnitReportReporter -->
<testsuite hostname="FPE-LAP-254" failures="0" tests="1" name="onboardingModuleTestScripts.ProfileMenuPageTestCases" time="44.159" errors="0" timestamp="2025-01-09T16:13:09 IST" skipped="0">
  <testcase classname="onboardingModuleTestScripts.ProfileMenuPageTestCases" name="logout_fun" time="44.159"/>
  <system-out/>
</testsuite> <!-- onboardingModuleTestScripts.ProfileMenuPageTestCases -->
