<?xml version="1.0" encoding="UTF-8"?>
<!-- Generated by org.testng.reporters.JUnitReportReporter -->
<testsuite hostname="FPE-LAP-254" failures="0" tests="16" name="financialModuleTestScripts.OneTimeChargesPageTestScripts" time="46.887" errors="1" timestamp="2024-11-21T13:41:01 IST" skipped="14">
  <testcase classname="financialModuleTestScripts.OneTimeChargesPageTestScripts" name="openApplication" time="3.935">
    <error message="no such window: target window already closed
from unknown error: web view not found
  (Session info: chrome=130.0.6723.117)
Build info: version: &#039;4.20.0&#039;, revision: &#039;866c76ca80&#039;
System info: os.name: &#039;Windows 11&#039;, os.arch: &#039;amd64&#039;, os.version: &#039;10.0&#039;, java.version: &#039;21.0.3&#039;
Driver info: org.openqa.selenium.chrome.ChromeDriver
Command: [285866cf0dd1d82c3c39cddff381f533, get {url=https://staging-franchise.footprintseducation.in/login}]
Capabilities {acceptInsecureCerts: false, browserName: chrome, browserVersion: 130.0.6723.117, chrome: {chromedriverVersion: 130.0.6723.116 (6ac35f94ae3..., userDataDir: C:\Users\SUNITA~1\AppData\L...}, fedcm:accounts: true, goog:chromeOptions: {debuggerAddress: localhost:59626}, networkConnectionEnabled: false, pageLoadStrategy: normal, platformName: windows, proxy: Proxy(), se:cdp: ws://localhost:59626/devtoo..., se:cdpVersion: 130.0.6723.117, setWindowRect: true, strictFileInteractability: false, timeouts: {implicit: 0, pageLoad: 300000, script: 30000}, unhandledPromptBehavior: dismiss and notify, webauthn:extension:credBlob: true, webauthn:extension:largeBlob: true, webauthn:extension:minPinLength: true, webauthn:extension:prf: true, webauthn:virtualAuthenticators: true}
Session ID: 285866cf0dd1d82c3c39cddff381f533" type="org.openqa.selenium.NoSuchWindowException">
      <![CDATA[org.openqa.selenium.NoSuchWindowException: no such window: target window already closed
from unknown error: web view not found
  (Session info: chrome=130.0.6723.117)
Build info: version: '4.20.0', revision: '866c76ca80'
System info: os.name: 'Windows 11', os.arch: 'amd64', os.version: '10.0', java.version: '21.0.3'
Driver info: org.openqa.selenium.chrome.ChromeDriver
Command: [285866cf0dd1d82c3c39cddff381f533, get {url=https://staging-franchise.footprintseducation.in/login}]
Capabilities {acceptInsecureCerts: false, browserName: chrome, browserVersion: 130.0.6723.117, chrome: {chromedriverVersion: 130.0.6723.116 (6ac35f94ae3..., userDataDir: C:\Users\SUNITA~1\AppData\L...}, fedcm:accounts: true, goog:chromeOptions: {debuggerAddress: localhost:59626}, networkConnectionEnabled: false, pageLoadStrategy: normal, platformName: windows, proxy: Proxy(), se:cdp: ws://localhost:59626/devtoo..., se:cdpVersion: 130.0.6723.117, setWindowRect: true, strictFileInteractability: false, timeouts: {implicit: 0, pageLoad: 300000, script: 30000}, unhandledPromptBehavior: dismiss and notify, webauthn:extension:credBlob: true, webauthn:extension:largeBlob: true, webauthn:extension:minPinLength: true, webauthn:extension:prf: true, webauthn:virtualAuthenticators: true}
Session ID: 285866cf0dd1d82c3c39cddff381f533
at java.base/jdk.internal.reflect.DirectConstructorHandleAccessor.newInstance(DirectConstructorHandleAccessor.java:62)
at java.base/java.lang.reflect.Constructor.newInstanceWithCaller(Constructor.java:502)
at java.base/java.lang.reflect.Constructor.newInstance(Constructor.java:486)
at org.openqa.selenium.remote.ErrorCodec.decode(ErrorCodec.java:167)
at org.openqa.selenium.remote.codec.w3c.W3CHttpResponseCodec.decode(W3CHttpResponseCodec.java:138)
at org.openqa.selenium.remote.codec.w3c.W3CHttpResponseCodec.decode(W3CHttpResponseCodec.java:50)
at org.openqa.selenium.remote.HttpCommandExecutor.execute(HttpCommandExecutor.java:190)
at org.openqa.selenium.remote.service.DriverCommandExecutor.invokeExecute(DriverCommandExecutor.java:216)
at org.openqa.selenium.remote.service.DriverCommandExecutor.execute(DriverCommandExecutor.java:174)
at org.openqa.selenium.remote.RemoteWebDriver.execute(RemoteWebDriver.java:518)
at org.openqa.selenium.remote.RemoteWebDriver.get(RemoteWebDriver.java:300)
at generics.BaseTest.openApplication(BaseTest.java:41)
at java.base/jdk.internal.reflect.DirectMethodHandleAccessor.invoke(DirectMethodHandleAccessor.java:103)
at java.base/java.lang.reflect.Method.invoke(Method.java:580)
at org.testng.internal.MethodInvocationHelper.invokeMethod(MethodInvocationHelper.java:133)
at org.testng.internal.MethodInvocationHelper.invokeMethodConsideringTimeout(MethodInvocationHelper.java:62)
at org.testng.internal.ConfigInvoker.invokeConfigurationMethod(ConfigInvoker.java:385)
at org.testng.internal.ConfigInvoker.invokeConfigurations(ConfigInvoker.java:321)
at org.testng.internal.TestInvoker.runConfigMethods(TestInvoker.java:700)
at org.testng.internal.TestInvoker.invokeMethod(TestInvoker.java:527)
at org.testng.internal.TestInvoker.invokeTestMethod(TestInvoker.java:173)
at org.testng.internal.MethodRunner.runInSequence(MethodRunner.java:46)
at org.testng.internal.TestInvoker$MethodInvocationAgent.invoke(TestInvoker.java:824)
at org.testng.internal.TestInvoker.invokeTestMethods(TestInvoker.java:146)
at org.testng.internal.TestMethodWorker.invokeTestMethods(TestMethodWorker.java:146)
at org.testng.internal.TestMethodWorker.run(TestMethodWorker.java:128)
at java.base/java.util.ArrayList.forEach(ArrayList.java:1596)
at org.testng.TestRunner.privateRun(TestRunner.java:794)
at org.testng.TestRunner.run(TestRunner.java:596)
at org.testng.SuiteRunner.runTest(SuiteRunner.java:377)
at org.testng.SuiteRunner.runSequentially(SuiteRunner.java:371)
at org.testng.SuiteRunner.privateRun(SuiteRunner.java:332)
at org.testng.SuiteRunner.run(SuiteRunner.java:276)
at org.testng.SuiteRunnerWorker.runSuite(SuiteRunnerWorker.java:53)
at org.testng.SuiteRunnerWorker.run(SuiteRunnerWorker.java:96)
at org.testng.TestNG.runSuitesSequentially(TestNG.java:1212)
at org.testng.TestNG.runSuitesLocally(TestNG.java:1134)
at org.testng.TestNG.runSuites(TestNG.java:1063)
at org.testng.TestNG.run(TestNG.java:1031)
at org.testng.remote.AbstractRemoteTestNG.run(AbstractRemoteTestNG.java:115)
at org.testng.remote.RemoteTestNG.initAndRun(RemoteTestNG.java:293)
at org.testng.remote.RemoteTestNG.main(RemoteTestNG.java:91)
]]>
    </error>
  </testcase> <!-- openApplication -->
  <system-out/>
  <testcase classname="financialModuleTestScripts.OneTimeChargesPageTestScripts" name="ChargeType_WelcomeKit" time="42.952"/>
  <system-out/>
  <testcase classname="financialModuleTestScripts.OneTimeChargesPageTestScripts" name="ChargeType_WecomeKit_withoutROS" time="0.000">
    <skipped/>
  </testcase> <!-- ChargeType_WecomeKit_withoutROS -->
  <system-out/>
  <testcase classname="financialModuleTestScripts.OneTimeChargesPageTestScripts" name="ChargeType_WelcomeKit_withROS" time="0.000">
    <skipped/>
  </testcase> <!-- ChargeType_WelcomeKit_withROS -->
  <system-out/>
  <testcase classname="financialModuleTestScripts.OneTimeChargesPageTestScripts" name="ChargeType_SchoolBag">
    <skipped/>
  </testcase> <!-- ChargeType_SchoolBag -->
  <system-out/>
  <testcase classname="financialModuleTestScripts.OneTimeChargesPageTestScripts" name="ChargeType_lateStay">
    <skipped/>
  </testcase> <!-- ChargeType_lateStay -->
  <system-out/>
  <testcase classname="financialModuleTestScripts.OneTimeChargesPageTestScripts" name="ChargeType_AnnualFee">
    <skipped/>
  </testcase> <!-- ChargeType_AnnualFee -->
  <system-out/>
  <testcase classname="financialModuleTestScripts.OneTimeChargesPageTestScripts" name="ChargeType_TuitionFee">
    <skipped/>
  </testcase> <!-- ChargeType_TuitionFee -->
  <system-out/>
  <testcase classname="financialModuleTestScripts.OneTimeChargesPageTestScripts" name="ChargeType_CourierCharge">
    <skipped/>
  </testcase> <!-- ChargeType_CourierCharge -->
  <system-out/>
  <testcase classname="financialModuleTestScripts.OneTimeChargesPageTestScripts" name="ChargeType_Apron">
    <skipped/>
  </testcase> <!-- ChargeType_Apron -->
  <system-out/>
  <testcase classname="financialModuleTestScripts.OneTimeChargesPageTestScripts" name="ChargeType_SecurityFee">
    <skipped/>
  </testcase> <!-- ChargeType_SecurityFee -->
  <system-out/>
  <testcase classname="financialModuleTestScripts.OneTimeChargesPageTestScripts" name="ChargeType_BookSet">
    <skipped/>
  </testcase> <!-- ChargeType_BookSet -->
  <system-out/>
  <testcase classname="financialModuleTestScripts.OneTimeChargesPageTestScripts" name="ChargeType_RegistrationFee">
    <skipped/>
  </testcase> <!-- ChargeType_RegistrationFee -->
  <system-out/>
  <testcase classname="financialModuleTestScripts.OneTimeChargesPageTestScripts" name="ChargeType_ExtendedDayCare">
    <skipped/>
  </testcase> <!-- ChargeType_ExtendedDayCare -->
  <system-out/>
  <testcase classname="financialModuleTestScripts.OneTimeChargesPageTestScripts" name="ChargeType_TransportFee">
    <skipped/>
  </testcase> <!-- ChargeType_TransportFee -->
  <system-out/>
  <testcase classname="financialModuleTestScripts.OneTimeChargesPageTestScripts" name="ChargeType_ReadOStick">
    <skipped/>
  </testcase> <!-- ChargeType_ReadOStick -->
  <system-out/>
</testsuite> <!-- financialModuleTestScripts.OneTimeChargesPageTestScripts -->
