<?xml version="1.0" encoding="UTF-8"?>
<!-- Generated by org.testng.reporters.JUnitReportReporter -->
<testsuite hostname="FPE-LAP-254" failures="0" tests="4" name="financialModuleTestScripts.OneTimeChargesPageTestScripts" time="9.438" errors="0" timestamp="2024-10-28T16:05:05 IST" skipped="3">
  <testcase classname="financialModuleTestScripts.OneTimeChargesPageTestScripts" name="ChargeType_ExtendedDayCare" time="9.438"/>
  <system-out/>
  <testcase classname="financialModuleTestScripts.OneTimeChargesPageTestScripts" name="ChargeType_AnnualFee">
    <skipped/>
  </testcase> <!-- ChargeType_AnnualFee -->
  <system-out/>
  <testcase classname="financialModuleTestScripts.OneTimeChargesPageTestScripts" name="ChargeType_CourierCharge">
    <skipped/>
  </testcase> <!-- ChargeType_CourierCharge -->
  <system-out/>
  <testcase classname="financialModuleTestScripts.OneTimeChargesPageTestScripts" name="ChargeType_BookSet">
    <skipped/>
  </testcase> <!-- ChargeType_BookSet -->
  <system-out/>
</testsuite> <!-- financialModuleTestScripts.OneTimeChargesPageTestScripts -->
