<?xml version="1.0" encoding="UTF-8"?>
<!-- Generated by org.testng.reporters.JUnitReportReporter -->
<testsuite hostname="FPE-LAP-254" failures="0" tests="1" name="onboardingModuleTestScripts.ProfileMenuPageTestCases" time="44.683" errors="0" timestamp="2024-11-21T13:23:22 IST" skipped="0">
  <testcase classname="onboardingModuleTestScripts.ProfileMenuPageTestCases" name="logout_fun" time="44.683"/>
  <system-out/>
</testsuite> <!-- onboardingModuleTestScripts.ProfileMenuPageTestCases -->
