<?xml version="1.0" encoding="UTF-8"?>
<!-- Generated by org.testng.reporters.JUnitReportReporter -->
<testsuite hostname="FPE-LAP-254" failures="0" tests="7" name="financialModuleTestScripts.AccountStatementPageTestScripts" time="8.250" errors="0" timestamp="2025-01-29T09:59:12 IST" skipped="6">
  <testcase classname="financialModuleTestScripts.AccountStatementPageTestScripts" name="childHistory_link" time="8.250"/>
  <system-out/>
  <testcase classname="financialModuleTestScripts.AccountStatementPageTestScripts" name="childPlan">
    <skipped/>
  </testcase> <!-- childPlan -->
  <system-out/>
  <testcase classname="financialModuleTestScripts.AccountStatementPageTestScripts" name="diaryNotes_link">
    <skipped/>
  </testcase> <!-- diaryNotes_link -->
  <system-out/>
  <testcase classname="financialModuleTestScripts.AccountStatementPageTestScripts" name="childName_linkValidation">
    <skipped/>
  </testcase> <!-- childName_linkValidation -->
  <system-out/>
  <testcase classname="financialModuleTestScripts.AccountStatementPageTestScripts" name="centerPlan">
    <skipped/>
  </testcase> <!-- centerPlan -->
  <system-out/>
  <testcase classname="financialModuleTestScripts.AccountStatementPageTestScripts" name="childPlan_UpdateFeeCardSelected">
    <skipped/>
  </testcase> <!-- childPlan_UpdateFeeCardSelected -->
  <system-out/>
  <testcase classname="financialModuleTestScripts.AccountStatementPageTestScripts" name="Addcharges">
    <skipped/>
  </testcase> <!-- Addcharges -->
  <system-out/>
</testsuite> <!-- financialModuleTestScripts.AccountStatementPageTestScripts -->
